<?xml version="1.0" encoding="UTF-8"?>
<!-- Generated by org.testng.reporters.JUnitXMLReporter -->
<testsuite ignored="0" hostname="LAPTOP-GUL6HTSG" failures="0" tests="12" name="Default test" time="107.96" errors="0" timestamp="2025-01-26T16:05:25 IST">
  <testcase classname="westflorida.TestClass" name="NavigationHome" time="1.151"/>
  <testcase classname="westflorida.TestClass" name="privacy" time="2.199"/>
  <testcase classname="westflorida.TestClass" name="about" time="7.674"/>
  <testcase classname="westflorida.TestClass" name="programs" time="15.395"/>
  <testcase classname="westflorida.TestClass" name="services" time="2.878"/>
  <testcase classname="westflorida.TestClass" name="cpr" time="8.302"/>
  <testcase classname="westflorida.TestClass" name="ContactUs" time="6.304"/>
  <testcase classname="westflorida.TestClass" name="News" time="1.163"/>
  <testcase classname="westflorida.TestClass" name="search" time="2.405"/>
  <testcase classname="westflorida.TestClass" name="MyAccount" time="11.428"/>
  <testcase classname="westflorida.TestClass" name="Resetpassword" time="33.726"/>
  <testcase classname="westflorida.TestClass" name="facebookicon" time="8.624"/>
</testsuite> <!-- Default test -->
