<?xml version="1.0" encoding="UTF-8"?>
<testng-results ignored="0" total="12" passed="12" failed="0" skipped="0">
  <reporter-output>
  </reporter-output>
  <suite started-at="2025-01-26T16:03:37 IST" name="Default suite" finished-at="2025-01-26T16:05:25 IST" duration-ms="107960">
    <groups>
    </groups>
    <test started-at="2025-01-26T16:03:37 IST" name="Default test" finished-at="2025-01-26T16:05:25 IST" duration-ms="107960">
      <class name="westflorida.TestClass">
        <test-method is-config="true" signature="start(java.lang.String)[pri:0, instance:westflorida.TestClass@19976a65]" started-at="2025-01-26T16:03:37 IST" name="start" finished-at="2025-01-26T16:03:43 IST" duration-ms="6143" status="PASS">
          <params>
            <param index="0">
              <value>
                <![CDATA[Chrome]]>
              </value>
            </param>
          </params>
          <reporter-output>
          </reporter-output>
        </test-method> <!-- start -->
        <test-method signature="NavigationHome()[pri:1, instance:westflorida.TestClass@19976a65]" started-at="2025-01-26T16:03:43 IST" name="NavigationHome" finished-at="2025-01-26T16:03:44 IST" duration-ms="1151" status="PASS">
          <reporter-output>
          </reporter-output>
        </test-method> <!-- NavigationHome -->
        <test-method signature="privacy()[pri:2, instance:westflorida.TestClass@19976a65]" started-at="2025-01-26T16:03:44 IST" name="privacy" finished-at="2025-01-26T16:03:46 IST" duration-ms="2199" status="PASS">
          <reporter-output>
          </reporter-output>
        </test-method> <!-- privacy -->
        <test-method signature="about()[pri:3, instance:westflorida.TestClass@19976a65]" started-at="2025-01-26T16:03:46 IST" name="about" finished-at="2025-01-26T16:03:54 IST" duration-ms="7674" status="PASS">
          <reporter-output>
          </reporter-output>
        </test-method> <!-- about -->
        <test-method signature="programs()[pri:4, instance:westflorida.TestClass@19976a65]" started-at="2025-01-26T16:03:54 IST" name="programs" finished-at="2025-01-26T16:04:09 IST" duration-ms="15395" status="PASS">
          <reporter-output>
          </reporter-output>
        </test-method> <!-- programs -->
        <test-method signature="services()[pri:5, instance:westflorida.TestClass@19976a65]" started-at="2025-01-26T16:04:09 IST" name="services" finished-at="2025-01-26T16:04:12 IST" duration-ms="2878" status="PASS">
          <reporter-output>
          </reporter-output>
        </test-method> <!-- services -->
        <test-method signature="cpr()[pri:6, instance:westflorida.TestClass@19976a65]" started-at="2025-01-26T16:04:12 IST" name="cpr" finished-at="2025-01-26T16:04:21 IST" duration-ms="8302" status="PASS">
          <reporter-output>
          </reporter-output>
        </test-method> <!-- cpr -->
        <test-method signature="ContactUs()[pri:7, instance:westflorida.TestClass@19976a65]" started-at="2025-01-26T16:04:21 IST" name="ContactUs" finished-at="2025-01-26T16:04:27 IST" duration-ms="6304" status="PASS">
          <reporter-output>
          </reporter-output>
        </test-method> <!-- ContactUs -->
        <test-method signature="News()[pri:8, instance:westflorida.TestClass@19976a65]" started-at="2025-01-26T16:04:27 IST" name="News" finished-at="2025-01-26T16:04:28 IST" duration-ms="1163" status="PASS">
          <reporter-output>
          </reporter-output>
        </test-method> <!-- News -->
        <test-method signature="search()[pri:9, instance:westflorida.TestClass@19976a65]" started-at="2025-01-26T16:04:28 IST" name="search" finished-at="2025-01-26T16:04:30 IST" duration-ms="2405" status="PASS">
          <reporter-output>
          </reporter-output>
        </test-method> <!-- search -->
        <test-method signature="MyAccount()[pri:10, instance:westflorida.TestClass@19976a65]" started-at="2025-01-26T16:04:30 IST" name="MyAccount" finished-at="2025-01-26T16:04:42 IST" duration-ms="11428" status="PASS">
          <reporter-output>
          </reporter-output>
        </test-method> <!-- MyAccount -->
        <test-method signature="Resetpassword()[pri:11, instance:westflorida.TestClass@19976a65]" started-at="2025-01-26T16:04:42 IST" name="Resetpassword" finished-at="2025-01-26T16:05:16 IST" duration-ms="33726" status="PASS">
          <reporter-output>
          </reporter-output>
        </test-method> <!-- Resetpassword -->
        <test-method signature="facebookicon()[pri:12, instance:westflorida.TestClass@19976a65]" started-at="2025-01-26T16:05:16 IST" name="facebookicon" finished-at="2025-01-26T16:05:24 IST" duration-ms="8624" status="PASS">
          <reporter-output>
          </reporter-output>
        </test-method> <!-- facebookicon -->
        <test-method is-config="true" signature="end()[pri:0, instance:westflorida.TestClass@19976a65]" started-at="2025-01-26T16:05:24 IST" name="end" finished-at="2025-01-26T16:05:25 IST" duration-ms="411" status="PASS">
          <reporter-output>
          </reporter-output>
        </test-method> <!-- end -->
      </class> <!-- westflorida.TestClass -->
    </test> <!-- Default test -->
  </suite> <!-- Default suite -->
</testng-results>
